<?xml version="1.0" encoding="UTF-8"?>
<!-- Generated by org.testng.reporters.JUnitXMLReporter -->
<testsuite ignored="0" hostname="DESKTOP-DSCC08C" failures="0" tests="7" name="Free CRM App Test Cases" time="70.305" errors="0" timestamp="28 Jun 2023 16:21:21 GMT">
  <testcase classname="com.crm.qa.testcases.LoginPageTest" name="loginPageTitleTest" time="0.021"/>
  <testcase classname="com.crm.qa.testcases.HomePageTest" name="verifyHomePageTitleTest" time="0.01"/>
  <testcase classname="com.crm.qa.testcases.FriendsPageTest" name="verifyFriendRequestsLabelTest" time="3.063"/>
  <testcase classname="com.crm.qa.testcases.LoginPageTest" name="loginTest" time="4.85"/>
  <testcase classname="com.crm.qa.testcases.HomePageTest" name="verifyCorrectUsernameTest" time="0.061"/>
  <testcase classname="com.crm.qa.testcases.FriendsPageTest" name="clickFriendRequestsTabTest" time="1.444"/>
  <testcase classname="com.crm.qa.testcases.HomePageTest" name="verifyClickOnFriendsLinkTest" time="0.382"/>
</testsuite> <!-- Free CRM App Test Cases -->
