<?xml version="1.0" encoding="UTF-8"?>
<!-- Generated by org.testng.reporters.JUnitXMLReporter -->
<testsuite ignored="0" hostname="DESKTOP-DSCC08C" failures="0" tests="2" name="Default test" time="25.778" errors="0" timestamp="05 Jun 2023 01:47:18 GMT">
  <testcase classname="com.crm.qa.testcases.FriendsPageTest" name="verifyFriendRequestsLabelTest" time="2.407"/>
  <testcase classname="com.crm.qa.testcases.FriendsPageTest" name="clickFriendRequestsTabTest" time="1.712"/>
</testsuite> <!-- Default test -->
